#
# A fatal error has been detected by the Java Runtime Environment:
#
#  EXCEPTION_ACCESS_VIOLATION (0xc0000005) at pc=0x000000007050c4fb, pid=3484, tid=2376
#
# JRE version: 7.0_04-b22
# Java VM: Java HotSpot(TM) 64-Bit Server VM (23.0-b21 mixed mode windows-amd64 compressed oops)
# Problematic frame:
# V  [jvm.dll+0x11c4fb]
#
# Failed to write core dump. Minidumps are not enabled by default on client versions of Windows
#
# If you would like to submit a bug report, please visit:
#   http://bugreport.sun.com/bugreport/crash.jsp
#

---------------  T H R E A D  ---------------

Current thread (0x000000000c7aa800):  JavaThread "JDWP Transport Listener: dt_socket" daemon [_thread_in_vm, id=2376, stack(0x000000000d750000,0x000000000d850000)]

siginfo: ExceptionCode=0xc0000005, reading address 0x00000000ffffffff

Registers:
RAX=0x000000000d84f701, RBX=0x000000000c7aa800, RCX=0x0000000072746e6f, RDX=0x000000000c7aa800
RSP=0x000000000d84f760, RBP=0x0000000072746e6f, RSI=0x000000000d84f878, RDI=0x0000000002148a10
R8 =0x000000000d84f878, R9 =0x0000000000d4003b, R10=0x0000000000000000, R11=0x000000000c9659a4
R12=0x0000000000000000, R13=0x0000000000000000, R14=0x0000000000000000, R15=0x0000000000000000
RIP=0x000000007050c4fb, EFLAGS=0x0000000000010206

Top of Stack: (sp=0x000000000d84f760)
0x000000000d84f760:   000000000c7aa800 00000000020340f0
0x000000000d84f770:   000000000d84f828 0000000070692549
0x000000000d84f780:   000000000c7aa800 00000000706adf12
0x000000000d84f790:   0000000000000000 000000000c7aa800
0x000000000d84f7a0:   000000000a7e2e98 0000000072bd264e
0x000000000d84f7b0:   000000000c7aa800 0000000000000000
0x000000000d84f7c0:   0000000000000000 0000000000000000
0x000000000d84f7d0:   003b6c6f72746e6f 0000000072bd1745
0x000000000d84f7e0:   000000000d84f878 000000000d84f850
0x000000000d84f7f0:   0000000000000001 000000000a7e2e98
0x000000000d84f800:   003b6c6f72746e6f 0000000072bb53b3
0x000000000d84f810:   000000000d84f940 0000000000000001
0x000000000d84f820:   0000000000000001 000000000a7e2e98
0x000000000d84f830:   000000000000000a 0000000000000000
0x000000000d84f840:   0000000000000000 0000000000000000
0x000000000d84f850:   0000000000000001 0000000072bb5571 

Instructions: (pc=0x000000007050c4fb)
0x000000007050c4db:   48 8b 5c 24 30 48 89 47 18 48 83 c4 20 5f c3 cc
0x000000007050c4eb:   cc cc cc cc cc 40 53 48 83 ec 20 48 85 c9 74 54
0x000000007050c4fb:   48 8b 19 48 85 db 74 4c 48 b8 fe fe fe fe fe fe
0x000000007050c50b:   fe fe 48 3b d8 74 3d 80 3d 8f c7 58 00 00 74 15 


Register to memory mapping:

RAX=0x000000000d84f701 is pointing into the stack for thread: 0x000000000c7aa800
RBX=0x000000000c7aa800 is a thread
RCX=0x0000000072746e6f is an unknown value
RDX=0x000000000c7aa800 is a thread
RSP=0x000000000d84f760 is pointing into the stack for thread: 0x000000000c7aa800
RBP=0x0000000072746e6f is an unknown value
RSI=0x000000000d84f878 is pointing into the stack for thread: 0x000000000c7aa800
RDI=0x0000000002148a10 is an unknown value
R8 =0x000000000d84f878 is pointing into the stack for thread: 0x000000000c7aa800
R9 =0x0000000000d4003b is an unknown value
R10=0x0000000000000000 is an unknown value
R11=0x000000000c9659a4 is an unknown value
R12=0x0000000000000000 is an unknown value
R13=0x0000000000000000 is an unknown value
R14=0x0000000000000000 is an unknown value
R15=0x0000000000000000 is an unknown value


Stack: [0x000000000d750000,0x000000000d850000],  sp=0x000000000d84f760,  free space=1021k
Native frames: (J=compiled Java code, j=interpreted, Vv=VM code, C=native code)
V  [jvm.dll+0x11c4fb]


---------------  P R O C E S S  ---------------

Java Threads: ( => current thread )
  0x000000000c7de000 JavaThread "Service Thread" daemon [_thread_blocked, id=4152, stack(0x000000000df00000,0x000000000e000000)]
  0x000000000c7d4000 JavaThread "C2 CompilerThread1" daemon [_thread_blocked, id=5048, stack(0x000000000d880000,0x000000000d980000)]
  0x000000000c7d0800 JavaThread "C2 CompilerThread0" daemon [_thread_blocked, id=4908, stack(0x000000000dc40000,0x000000000dd40000)]
  0x000000000c7c2000 JavaThread "JDWP Command Reader" daemon [_thread_in_native, id=3744, stack(0x000000000db10000,0x000000000dc10000)]
  0x000000000c7bd000 JavaThread "JDWP Event Helper Thread" daemon [_thread_blocked, id=5492, stack(0x000000000d990000,0x000000000da90000)]
=>0x000000000c7aa800 JavaThread "JDWP Transport Listener: dt_socket" daemon [_thread_in_vm, id=2376, stack(0x000000000d750000,0x000000000d850000)]
  0x000000000c7a4800 JavaThread "Attach Listener" daemon [_thread_blocked, id=5424, stack(0x000000000ce40000,0x000000000cf40000)]
  0x000000000c7a3800 JavaThread "Signal Dispatcher" daemon [_thread_blocked, id=5728, stack(0x000000000cc50000,0x000000000cd50000)]
  0x000000000a7e9800 JavaThread "Finalizer" daemon [_thread_blocked, id=1588, stack(0x000000000c650000,0x000000000c750000)]
  0x000000000a7e1000 JavaThread "Reference Handler" daemon [_thread_blocked, id=1684, stack(0x000000000c320000,0x000000000c420000)]
  0x000000000214d000 JavaThread "main" [_thread_blocked, id=3456, stack(0x00000000023e0000,0x00000000024e0000)]

Other Threads:
  0x000000000a7d5800 VMThread [stack: 0x000000000c440000,0x000000000c540000] [id=1368]
  0x000000000c7ee800 WatcherThread [stack: 0x000000000e090000,0x000000000e190000] [id=5476]

VM state:not at safepoint (normal execution)

VM Mutex/Monitor currently owned by a thread: None

Heap
 PSYoungGen      total 28224K, used 1454K [0x00000000e0760000, 0x00000000e26e0000, 0x0000000000000000)
  eden space 24192K, 6% used [0x00000000e0760000,0x00000000e08cb8b8,0x00000000e1f00000)
  from space 4032K, 0% used [0x00000000e22f0000,0x00000000e22f0000,0x00000000e26e0000)
  to   space 4032K, 0% used [0x00000000e1f00000,0x00000000e1f00000,0x00000000e22f0000)
 ParOldGen       total 64576K, used 0K [0x00000000a1600000, 0x00000000a5510000, 0x00000000e0760000)
  object space 64576K, 0% used [0x00000000a1600000,0x00000000a1600000,0x00000000a5510000)
 PSPermGen       total 21248K, used 3468K [0x000000009c400000, 0x000000009d8c0000, 0x00000000a1600000)
  object space 21248K, 16% used [0x000000009c400000,0x000000009c763368,0x000000009d8c0000)

Code Cache  [0x00000000024e0000, 0x0000000002750000, 0x00000000054e0000)
 total_blobs=188 nmethods=3 adapters=145 free_code_cache=48763Kb largest_free_block=49921088

Compilation events (6 events):
Event: 0.359 Thread 0x000000000c7d0800    1             sun.misc.ASCIICaseInsensitiveComparator::compare (126 bytes)
Event: 0.366 Thread 0x000000000c7d4000    2             java.lang.String::charAt (33 bytes)
Event: 0.367 Thread 0x000000000c7d4000 nmethod 2 0x000000000253f210 code [0x000000000253f360, 0x000000000253f438]
Event: 0.371 Thread 0x000000000c7d0800 nmethod 1 0x0000000002541d50 code [0x0000000002541ea0, 0x0000000002542418]
Event: 0.375 Thread 0x000000000c7d4000    3             java.lang.String::hashCode (67 bytes)
Event: 0.378 Thread 0x000000000c7d4000 nmethod 3 0x000000000253ebd0 code [0x000000000253ed00, 0x000000000253ef18]

GC Heap History (0 events):
No events

Deoptimization events (0 events):
No events

Internal exceptions (10 events):
Event: 0.344 Thread 0x000000000214d000 Threw 0x00000000e0857100 at C:\jdk7u2_64p\jdk7u4\hotspot\src\share\vm\prims\jvm.cpp:1166
Event: 0.345 Thread 0x000000000214d000 Threw 0x00000000e0859130 at C:\jdk7u2_64p\jdk7u4\hotspot\src\share\vm\prims\jvm.cpp:1166
Event: 0.345 Thread 0x000000000214d000 Threw 0x00000000e085b210 at C:\jdk7u2_64p\jdk7u4\hotspot\src\share\vm\prims\jvm.cpp:1166
Event: 0.346 Thread 0x000000000214d000 Threw 0x00000000e085ce38 at C:\jdk7u2_64p\jdk7u4\hotspot\src\share\vm\prims\jvm.cpp:1166
Event: 0.366 Thread 0x000000000214d000 Threw 0x00000000e087d0b0 at C:\jdk7u2_64p\jdk7u4\hotspot\src\share\vm\prims\jvm.cpp:1166
Event: 0.366 Thread 0x000000000214d000 Threw 0x00000000e087d1d8 at C:\jdk7u2_64p\jdk7u4\hotspot\src\share\vm\prims\jvm.cpp:1166
Event: 0.367 Thread 0x000000000214d000 Threw 0x00000000e08805d8 at C:\jdk7u2_64p\jdk7u4\hotspot\src\share\vm\prims\jvm.cpp:1166
Event: 0.367 Thread 0x000000000214d000 Threw 0x00000000e0880700 at C:\jdk7u2_64p\jdk7u4\hotspot\src\share\vm\prims\jvm.cpp:1166
Event: 9.046 Thread 0x000000000214d000 Threw 0x00000000e08a9250 at C:\jdk7u2_64p\jdk7u4\hotspot\src\share\vm\prims\jvm.cpp:1166
Event: 9.048 Thread 0x000000000214d000 Threw 0x00000000e08aad48 at C:\jdk7u2_64p\jdk7u4\hotspot\src\share\vm\prims\jvm.cpp:1166

Events (10 events):
Event: 747.427 Executing VM operation: RedefineClasses
Event: 747.427 Executing VM operation: RedefineClasses done
Event: 747.438 Executing VM operation: ChangeBreakpoints
Event: 747.438 Executing VM operation: ChangeBreakpoints done
Event: 1740.794 Executing VM operation: RedefineClasses
Event: 1740.794 Executing VM operation: RedefineClasses done
Event: 1740.800 Executing VM operation: ChangeBreakpoints
Event: 1740.800 Executing VM operation: ChangeBreakpoints done
Event: 2139.457 Executing VM operation: RedefineClasses
Event: 2139.457 Executing VM operation: RedefineClasses done


Dynamic libraries:
0x000000003f040000 - 0x000000003f074000 	C:\Program Files\Java\jre7\bin\javaw.exe
0x0000000077860000 - 0x0000000077a09000 	C:\windows\SYSTEM32\ntdll.dll
0x0000000077180000 - 0x000000007729f000 	C:\windows\system32\kernel32.dll
0x00000000fddd0000 - 0x00000000fde3b000 	C:\windows\system32\KERNELBASE.dll
0x00000000fea30000 - 0x00000000feb0b000 	C:\windows\system32\ADVAPI32.dll
0x00000000fe350000 - 0x00000000fe3ef000 	C:\windows\system32\msvcrt.dll
0x00000000fe940000 - 0x00000000fe95f000 	C:\windows\SYSTEM32\sechost.dll
0x00000000fe220000 - 0x00000000fe34d000 	C:\windows\system32\RPCRT4.dll
0x0000000077610000 - 0x000000007770a000 	C:\windows\system32\USER32.dll
0x00000000fe490000 - 0x00000000fe4f7000 	C:\windows\system32\GDI32.dll
0x00000000fe0b0000 - 0x00000000fe0be000 	C:\windows\system32\LPK.dll
0x00000000fe960000 - 0x00000000fea29000 	C:\windows\system32\USP10.dll
0x00000000fbed0000 - 0x00000000fc0c4000 	C:\windows\WinSxS\amd64_microsoft.windows.common-controls_6595b64144ccf1df_6.0.7601.17514_none_fa396087175ac9ac\COMCTL32.dll
0x00000000fe7f0000 - 0x00000000fe861000 	C:\windows\system32\SHLWAPI.dll
0x00000000fe910000 - 0x00000000fe93e000 	C:\windows\system32\IMM32.DLL
0x00000000fe0c0000 - 0x00000000fe1c9000 	C:\windows\system32\MSCTF.dll
0x0000000073010000 - 0x00000000730e1000 	C:\Program Files\Java\jre7\bin\msvcr100.dll
0x00000000703f0000 - 0x0000000070b0a000 	C:\Program Files\Java\jre7\bin\server\jvm.dll
0x00000000fb120000 - 0x00000000fb129000 	C:\windows\system32\WSOCK32.dll
0x00000000fe1d0000 - 0x00000000fe21d000 	C:\windows\system32\WS2_32.dll
0x00000000ffb60000 - 0x00000000ffb68000 	C:\windows\system32\NSI.dll
0x00000000faf60000 - 0x00000000faf9b000 	C:\windows\system32\WINMM.dll
0x0000000077a20000 - 0x0000000077a27000 	C:\windows\system32\PSAPI.DLL
0x00000000725e0000 - 0x00000000725ef000 	C:\Program Files\Java\jre7\bin\verify.dll
0x00000000725b0000 - 0x00000000725d8000 	C:\Program Files\Java\jre7\bin\java.dll
0x0000000072bb0000 - 0x0000000072be5000 	C:\Program Files\Java\jre7\bin\jdwp.dll
0x0000000072ba0000 - 0x0000000072ba8000 	C:\Program Files\Java\jre7\bin\npt.dll
0x0000000072590000 - 0x00000000725a5000 	C:\Program Files\Java\jre7\bin\zip.dll
0x0000000072b90000 - 0x0000000072b99000 	C:\Program Files\Java\jre7\bin\dt_socket.dll
0x00000000fc880000 - 0x00000000fc895000 	C:\windows\system32\NLAapi.dll
0x00000000f8b40000 - 0x00000000f8b55000 	C:\windows\system32\napinsp.dll
0x00000000f8b20000 - 0x00000000f8b39000 	C:\windows\system32\pnrpnsp.dll
0x00000000fd530000 - 0x00000000fd585000 	C:\windows\System32\mswsock.dll
0x00000000fd3b0000 - 0x00000000fd40b000 	C:\windows\system32\DNSAPI.dll
0x00000000f8b10000 - 0x00000000f8b1b000 	C:\windows\System32\winrnr.dll
0x00000000f8c80000 - 0x00000000f8caf000 	C:\Program Files\Common Files\Microsoft Shared\Windows Live\WLIDNSP.DLL
0x00000000fc6f0000 - 0x00000000fc717000 	C:\windows\system32\IPHLPAPI.DLL
0x00000000fc6d0000 - 0x00000000fc6db000 	C:\windows\system32\WINNSI.DLL
0x00000000fc580000 - 0x00000000fc5d3000 	C:\windows\System32\fwpuclnt.dll
0x00000000f8c70000 - 0x00000000f8c78000 	C:\windows\system32\rasadhlp.dll
0x00000000fcea0000 - 0x00000000fcea7000 	C:\windows\System32\wshtcpip.dll
0x00000000f6880000 - 0x00000000f69a5000 	C:\windows\system32\dbghelp.dll

VM Arguments:
jvm_args: -agentlib:jdwp=transport=dt_socket,suspend=y,address=localhost:49260 -Dfile.encoding=Cp1255 
java_command: Main
Launcher Type: SUN_STANDARD

Environment Variables:
PATH=C:\Program Files\Common Files\Microsoft Shared\Windows Live;C:\Program Files (x86)\Common Files\Microsoft Shared\Windows Live;C:\windows\system32;C:\windows;C:\windows\System32\Wbem;C:\windows\System32\WindowsPowerShell\v1.0\;C:\Program Files (x86)\Windows Live\Shared;C:\Program Files\Intel\WiFi\bin\;C:\Program Files\Common Files\Intel\WirelessCommon\;C:\Program Files\Java\jdk1.7.0_04\bin
USERNAME=Or
OS=Windows_NT
PROCESSOR_IDENTIFIER=Intel64 Family 6 Model 42 Stepping 7, GenuineIntel



---------------  S Y S T E M  ---------------

OS: Windows 7 , 64 bit Build 7601 Service Pack 1

CPU:total 8 (4 cores per cpu, 2 threads per core) family 6 model 42 stepping 7, cmov, cx8, fxsr, mmx, sse, sse2, sse3, ssse3, sse4.1, sse4.2, popcnt, avx, ht, tsc, tscinvbit

Memory: 4k page, physical 6195908k(4206700k free), swap 12389964k(8699564k free)

vm_info: Java HotSpot(TM) 64-Bit Server VM (23.0-b21) for windows-amd64 JRE (1.7.0_04-b22), built on May  2 2012 23:28:26 by "java_re" with unknown MS VC++:1600

time: Tue Jan 15 22:41:45 2013
elapsed time: 2139 seconds

